<?xml version="1.0" encoding="UTF-8"?>
<testsuite name="PatientTest" tests="2" skipped="0" failures="0" errors="0" timestamp="2016-09-20T23:37:52" hostname="epicodus-26.local" time="0.034">
  <properties/>
  <testcase name="Patient_instantiatesWithName_String" classname="PatientTest" time="0.024"/>
  <testcase name="Patient_instantiatesCorrectly_true" classname="PatientTest" time="0.01"/>
  <system-out><![CDATA[]]></system-out>
  <system-err><![CDATA[]]></system-err>
</testsuite>
