<?xml version="1.0" encoding="UTF-8"?>
<testsuite name="DoctorTest" tests="2" skipped="0" failures="0" errors="0" timestamp="2016-09-20T23:37:52" hostname="epicodus-26.local" time="0.131">
  <properties/>
  <testcase name="Doctor_patientListIsPresent_True" classname="DoctorTest" time="0.12"/>
  <testcase name="Doctor_instantiatesCorrectly_True" classname="DoctorTest" time="0.011"/>
  <system-out><![CDATA[]]></system-out>
  <system-err><![CDATA[]]></system-err>
</testsuite>
